0 info it worked if it ends with ok
1 verbose cli [ 'node',
1 verbose cli   '/usr/local/bin/npm',
1 verbose cli   'install',
1 verbose cli   'https://github.com/masondesu/tiny-server' ]
2 info using npm@1.3.14
3 info using node@v0.10.22
4 verbose readDependencies using package.json deps
5 verbose cache add [ 'https://github.com/masondesu/tiny-server', null ]
6 verbose cache add name=undefined spec="https://github.com/masondesu/tiny-server" args=["https://github.com/masondesu/tiny-server",null]
7 verbose parsed url { protocol: 'https:',
7 verbose parsed url   slashes: true,
7 verbose parsed url   auth: null,
7 verbose parsed url   host: 'github.com',
7 verbose parsed url   port: null,
7 verbose parsed url   hostname: 'github.com',
7 verbose parsed url   hash: null,
7 verbose parsed url   search: null,
7 verbose parsed url   query: null,
7 verbose parsed url   pathname: '/masondesu/tiny-server',
7 verbose parsed url   path: '/masondesu/tiny-server',
7 verbose parsed url   href: 'https://github.com/masondesu/tiny-server' }
8 silly lockFile 1fc35f1e-github-com-masondesu-tiny-server https://github.com/masondesu/tiny-server
9 verbose lock https://github.com/masondesu/tiny-server /Users/emilsandin/.npm/1fc35f1e-github-com-masondesu-tiny-server.lock
10 verbose addRemoteTarball [ 'https://github.com/masondesu/tiny-server', null ]
11 info retry fetch attempt 1 at 22:55:20
12 verbose fetch to= /var/folders/pz/_rk9dy7d0kl57whmc3p4trbm0000gn/T/npm-71920-1gcoV2Yw/1391205320773-0.19725941540673375/tmp.tgz
13 http GET https://github.com/masondesu/tiny-server
14 http 200 https://github.com/masondesu/tiny-server
15 verbose tar unpack /var/folders/pz/_rk9dy7d0kl57whmc3p4trbm0000gn/T/npm-71920-1gcoV2Yw/1391205320773-0.19725941540673375/tmp.tgz
16 silly lockFile 9f537e7a-0773-0-19725941540673375-package tar:///var/folders/pz/_rk9dy7d0kl57whmc3p4trbm0000gn/T/npm-71920-1gcoV2Yw/1391205320773-0.19725941540673375/package
17 verbose lock tar:///var/folders/pz/_rk9dy7d0kl57whmc3p4trbm0000gn/T/npm-71920-1gcoV2Yw/1391205320773-0.19725941540673375/package /Users/emilsandin/.npm/9f537e7a-0773-0-19725941540673375-package.lock
18 silly lockFile cc9d0bc1-0773-0-19725941540673375-tmp-tgz tar:///var/folders/pz/_rk9dy7d0kl57whmc3p4trbm0000gn/T/npm-71920-1gcoV2Yw/1391205320773-0.19725941540673375/tmp.tgz
19 verbose lock tar:///var/folders/pz/_rk9dy7d0kl57whmc3p4trbm0000gn/T/npm-71920-1gcoV2Yw/1391205320773-0.19725941540673375/tmp.tgz /Users/emilsandin/.npm/cc9d0bc1-0773-0-19725941540673375-tmp-tgz.lock
20 silly gunzTarPerm modes [ '755', '644' ]
21 error not a package /var/folders/pz/_rk9dy7d0kl57whmc3p4trbm0000gn/T/npm-71920-1gcoV2Yw/1391205320773-0.19725941540673375/tmp.tgz
22 silly lockFile 9f537e7a-0773-0-19725941540673375-package tar:///var/folders/pz/_rk9dy7d0kl57whmc3p4trbm0000gn/T/npm-71920-1gcoV2Yw/1391205320773-0.19725941540673375/package
23 silly lockFile 9f537e7a-0773-0-19725941540673375-package tar:///var/folders/pz/_rk9dy7d0kl57whmc3p4trbm0000gn/T/npm-71920-1gcoV2Yw/1391205320773-0.19725941540673375/package
24 silly lockFile cc9d0bc1-0773-0-19725941540673375-tmp-tgz tar:///var/folders/pz/_rk9dy7d0kl57whmc3p4trbm0000gn/T/npm-71920-1gcoV2Yw/1391205320773-0.19725941540673375/tmp.tgz
25 silly lockFile cc9d0bc1-0773-0-19725941540673375-tmp-tgz tar:///var/folders/pz/_rk9dy7d0kl57whmc3p4trbm0000gn/T/npm-71920-1gcoV2Yw/1391205320773-0.19725941540673375/tmp.tgz
26 silly lockFile 1fc35f1e-github-com-masondesu-tiny-server https://github.com/masondesu/tiny-server
27 silly lockFile 1fc35f1e-github-com-masondesu-tiny-server https://github.com/masondesu/tiny-server
28 error Error: ENOENT, open '/var/folders/pz/_rk9dy7d0kl57whmc3p4trbm0000gn/T/npm-71920-1gcoV2Yw/1391205320773-0.19725941540673375/package/package.json'
29 error If you need help, you may report this log at:
29 error     <http://github.com/isaacs/npm/issues>
29 error or email it to:
29 error     <npm-@googlegroups.com>
30 error System Darwin 13.0.0
31 error command "node" "/usr/local/bin/npm" "install" "https://github.com/masondesu/tiny-server"
32 error cwd /Users/emilsandin/Documents/workspace/git/generator-marionette-crud
33 error node -v v0.10.22
34 error npm -v 1.3.14
35 error path /var/folders/pz/_rk9dy7d0kl57whmc3p4trbm0000gn/T/npm-71920-1gcoV2Yw/1391205320773-0.19725941540673375/package/package.json
36 error code ENOENT
37 error errno 34
38 verbose exit [ 34, true ]
